2019-04-24 20:07:19.315 user: DEBUG 2590 --- [main] o.s.w.c.s.StandardServletEnvironment     : Adding PropertySource 'configurationProperties' with highest search precedence
2019-04-24 20:07:19.355 user: DEBUG 2590 --- [main] o.s.w.c.s.StandardServletEnvironment     : Adding PropertySource 'servletConfigInitParams' with lowest search precedence
2019-04-24 20:07:19.355 user: DEBUG 2590 --- [main] o.s.w.c.s.StandardServletEnvironment     : Adding PropertySource 'servletContextInitParams' with lowest search precedence
2019-04-24 20:07:19.356 user: DEBUG 2590 --- [main] o.s.w.c.s.StandardServletEnvironment     : Adding PropertySource 'systemProperties' with lowest search precedence
2019-04-24 20:07:19.356 user: DEBUG 2590 --- [main] o.s.w.c.s.StandardServletEnvironment     : Adding PropertySource 'systemEnvironment' with lowest search precedence
2019-04-24 20:07:19.356 user: DEBUG 2590 --- [main] o.s.w.c.s.StandardServletEnvironment     : Initialized StandardServletEnvironment with PropertySources [StubPropertySource {name='servletConfigInitParams'}, StubPropertySource {name='servletContextInitParams'}, MapPropertySource {name='systemProperties'}, SystemEnvironmentPropertySource {name='systemEnvironment'}]
2019-04-24 20:07:20.510 user: DEBUG 2590 --- [main] o.s.w.c.s.StandardServletEnvironment     : Removing PropertySource 'defaultProperties'
2019-04-24 20:07:21.046 user: DEBUG 2590 --- [localhost-startStop-1] o.s.web.context.ContextLoader            : Published root WebApplicationContext as ServletContext attribute with name [org.springframework.web.context.WebApplicationContext.ROOT]
2019-04-24 20:07:21.046 user:  INFO 2590 --- [localhost-startStop-1] o.s.web.context.ContextLoader            : Root WebApplicationContext: initialization completed in 1524 ms
2019-04-24 20:07:21.150 user: DEBUG 2590 --- [main] o.s.w.c.s.StandardServletEnvironment     : Replacing PropertySource 'servletContextInitParams' with 'servletContextInitParams'
2019-04-24 20:07:21.439 user: DEBUG 2590 --- [main] s.w.s.m.m.a.RequestMappingHandlerMapping : Looking for request mappings in application context: org.springframework.boot.web.servlet.context.AnnotationConfigServletWebServerApplicationContext@4313f5bc: startup date [Wed Apr 24 20:07:19 CST 2019]; root of context hierarchy
2019-04-24 20:07:21.447 user: DEBUG 2590 --- [main] s.w.s.m.m.a.RequestMappingHandlerMapping : 1 request handler methods found on class rechard.learn.springboot.controller.SimpleController: {public java.lang.String rechard.learn.springboot.controller.SimpleController.process(int)={[/process/{type}],methods=[POST]}}
2019-04-24 20:07:21.449 user:  INFO 2590 --- [main] s.w.s.m.m.a.RequestMappingHandlerMapping : Mapped "{[/process/{type}],methods=[POST]}" onto public java.lang.String rechard.learn.springboot.controller.SimpleController.process(int)
2019-04-24 20:07:21.450 user: DEBUG 2590 --- [main] s.w.s.m.m.a.RequestMappingHandlerMapping : 6 request handler methods found on class rechard.learn.springboot.controller.UserController: {public org.springframework.http.ResponseEntity rechard.learn.springboot.controller.UserController.add(rechard.learn.springboot.entity.User)={[/user],methods=[POST]}, public org.springframework.http.ResponseEntity rechard.learn.springboot.controller.UserController.update(java.lang.Integer,rechard.learn.springboot.entity.User)={[/user/{id}],methods=[PUT]}, public org.springframework.http.ResponseEntity rechard.learn.springboot.controller.UserController.delete(java.lang.Integer)={[/user/{id}],methods=[DELETE]}, public org.springframework.http.ResponseEntity rechard.learn.springboot.controller.UserController.getUserById(java.lang.Integer)={[/user/{id}],methods=[GET]}, public org.springframework.http.ResponseEntity rechard.learn.springboot.controller.UserController.getUserList()={[/users],methods=[GET]}, public java.lang.String rechard.learn.springboot.controller.UserController.jsonTest()={[/hi],methods=[GET]}}
2019-04-24 20:07:21.450 user:  INFO 2590 --- [main] s.w.s.m.m.a.RequestMappingHandlerMapping : Mapped "{[/user],methods=[POST]}" onto public org.springframework.http.ResponseEntity<rechard.learn.springboot.entity.JsonResult> rechard.learn.springboot.controller.UserController.add(rechard.learn.springboot.entity.User)
2019-04-24 20:07:21.451 user:  INFO 2590 --- [main] s.w.s.m.m.a.RequestMappingHandlerMapping : Mapped "{[/user/{id}],methods=[PUT]}" onto public org.springframework.http.ResponseEntity<rechard.learn.springboot.entity.JsonResult> rechard.learn.springboot.controller.UserController.update(java.lang.Integer,rechard.learn.springboot.entity.User)
2019-04-24 20:07:21.451 user:  INFO 2590 --- [main] s.w.s.m.m.a.RequestMappingHandlerMapping : Mapped "{[/user/{id}],methods=[DELETE]}" onto public org.springframework.http.ResponseEntity<rechard.learn.springboot.entity.JsonResult> rechard.learn.springboot.controller.UserController.delete(java.lang.Integer)
2019-04-24 20:07:21.452 user:  INFO 2590 --- [main] s.w.s.m.m.a.RequestMappingHandlerMapping : Mapped "{[/user/{id}],methods=[GET]}" onto public org.springframework.http.ResponseEntity<rechard.learn.springboot.entity.JsonResult> rechard.learn.springboot.controller.UserController.getUserById(java.lang.Integer)
2019-04-24 20:07:21.452 user:  INFO 2590 --- [main] s.w.s.m.m.a.RequestMappingHandlerMapping : Mapped "{[/users],methods=[GET]}" onto public org.springframework.http.ResponseEntity<rechard.learn.springboot.entity.JsonResult> rechard.learn.springboot.controller.UserController.getUserList()
2019-04-24 20:07:21.452 user:  INFO 2590 --- [main] s.w.s.m.m.a.RequestMappingHandlerMapping : Mapped "{[/hi],methods=[GET]}" onto public java.lang.String rechard.learn.springboot.controller.UserController.jsonTest()
2019-04-24 20:07:21.455 user: DEBUG 2590 --- [main] s.w.s.m.m.a.RequestMappingHandlerMapping : 3 request handler methods found on class springfox.documentation.swagger.web.ApiResourceController: {public org.springframework.http.ResponseEntity springfox.documentation.swagger.web.ApiResourceController.uiConfiguration()={[/swagger-resources/configuration/ui]}, public org.springframework.http.ResponseEntity springfox.documentation.swagger.web.ApiResourceController.securityConfiguration()={[/swagger-resources/configuration/security]}, public org.springframework.http.ResponseEntity springfox.documentation.swagger.web.ApiResourceController.swaggerResources()={[/swagger-resources]}}
2019-04-24 20:07:21.455 user:  INFO 2590 --- [main] s.w.s.m.m.a.RequestMappingHandlerMapping : Mapped "{[/swagger-resources/configuration/ui]}" onto public org.springframework.http.ResponseEntity<springfox.documentation.swagger.web.UiConfiguration> springfox.documentation.swagger.web.ApiResourceController.uiConfiguration()
2019-04-24 20:07:21.456 user:  INFO 2590 --- [main] s.w.s.m.m.a.RequestMappingHandlerMapping : Mapped "{[/swagger-resources/configuration/security]}" onto public org.springframework.http.ResponseEntity<springfox.documentation.swagger.web.SecurityConfiguration> springfox.documentation.swagger.web.ApiResourceController.securityConfiguration()
2019-04-24 20:07:21.456 user:  INFO 2590 --- [main] s.w.s.m.m.a.RequestMappingHandlerMapping : Mapped "{[/swagger-resources]}" onto public org.springframework.http.ResponseEntity<java.util.List<springfox.documentation.swagger.web.SwaggerResource>> springfox.documentation.swagger.web.ApiResourceController.swaggerResources()
2019-04-24 20:07:21.461 user: DEBUG 2590 --- [main] s.w.s.m.m.a.RequestMappingHandlerMapping : 2 request handler methods found on class org.springframework.boot.autoconfigure.web.servlet.error.BasicErrorController: {public org.springframework.http.ResponseEntity org.springframework.boot.autoconfigure.web.servlet.error.BasicErrorController.error(javax.servlet.http.HttpServletRequest)={[/error]}, public org.springframework.web.servlet.ModelAndView org.springframework.boot.autoconfigure.web.servlet.error.BasicErrorController.errorHtml(javax.servlet.http.HttpServletRequest,javax.servlet.http.HttpServletResponse)={[/error],produces=[text/html]}}
2019-04-24 20:07:21.461 user:  INFO 2590 --- [main] s.w.s.m.m.a.RequestMappingHandlerMapping : Mapped "{[/error]}" onto public org.springframework.http.ResponseEntity<java.util.Map<java.lang.String, java.lang.Object>> org.springframework.boot.autoconfigure.web.servlet.error.BasicErrorController.error(javax.servlet.http.HttpServletRequest)
2019-04-24 20:07:21.462 user:  INFO 2590 --- [main] s.w.s.m.m.a.RequestMappingHandlerMapping : Mapped "{[/error],produces=[text/html]}" onto public org.springframework.web.servlet.ModelAndView org.springframework.boot.autoconfigure.web.servlet.error.BasicErrorController.errorHtml(javax.servlet.http.HttpServletRequest,javax.servlet.http.HttpServletResponse)
2019-04-24 20:07:21.799 user:  INFO 2590 --- [main] s.w.s.m.m.a.RequestMappingHandlerAdapter : Looking for @ControllerAdvice: org.springframework.boot.web.servlet.context.AnnotationConfigServletWebServerApplicationContext@4313f5bc: startup date [Wed Apr 24 20:07:19 CST 2019]; root of context hierarchy
2019-04-24 20:07:21.832 user: DEBUG 2590 --- [main] o.s.w.s.h.BeanNameUrlHandlerMapping      : Looking for URL mappings in application context: org.springframework.boot.web.servlet.context.AnnotationConfigServletWebServerApplicationContext@4313f5bc: startup date [Wed Apr 24 20:07:19 CST 2019]; root of context hierarchy
2019-04-24 20:07:21.832 user: DEBUG 2590 --- [main] o.s.w.s.h.BeanNameUrlHandlerMapping      : Rejected bean name 'org.springframework.context.annotation.internalConfigurationAnnotationProcessor': no URL paths identified
2019-04-24 20:07:21.832 user: DEBUG 2590 --- [main] o.s.w.s.h.BeanNameUrlHandlerMapping      : Rejected bean name 'org.springframework.context.annotation.internalAutowiredAnnotationProcessor': no URL paths identified
2019-04-24 20:07:21.832 user: DEBUG 2590 --- [main] o.s.w.s.h.BeanNameUrlHandlerMapping      : Rejected bean name 'org.springframework.context.annotation.internalRequiredAnnotationProcessor': no URL paths identified
2019-04-24 20:07:21.832 user: DEBUG 2590 --- [main] o.s.w.s.h.BeanNameUrlHandlerMapping      : Rejected bean name 'org.springframework.context.annotation.internalCommonAnnotationProcessor': no URL paths identified
2019-04-24 20:07:21.832 user: DEBUG 2590 --- [main] o.s.w.s.h.BeanNameUrlHandlerMapping      : Rejected bean name 'org.springframework.context.event.internalEventListenerProcessor': no URL paths identified
2019-04-24 20:07:21.832 user: DEBUG 2590 --- [main] o.s.w.s.h.BeanNameUrlHandlerMapping      : Rejected bean name 'org.springframework.context.event.internalEventListenerFactory': no URL paths identified
2019-04-24 20:07:21.833 user: DEBUG 2590 --- [main] o.s.w.s.h.BeanNameUrlHandlerMapping      : Rejected bean name 'bootstrap': no URL paths identified
2019-04-24 20:07:21.833 user: DEBUG 2590 --- [main] o.s.w.s.h.BeanNameUrlHandlerMapping      : Rejected bean name 'org.springframework.boot.autoconfigure.internalCachingMetadataReaderFactory': no URL paths identified
2019-04-24 20:07:21.833 user: DEBUG 2590 --- [main] o.s.w.s.h.BeanNameUrlHandlerMapping      : Rejected bean name 'MQListenerJMSHandlerDispatcher': no URL paths identified
2019-04-24 20:07:21.833 user: DEBUG 2590 --- [main] o.s.w.s.h.BeanNameUrlHandlerMapping      : Rejected bean name 'swaggerConfiguration': no URL paths identified
2019-04-24 20:07:21.833 user: DEBUG 2590 --- [main] o.s.w.s.h.BeanNameUrlHandlerMapping      : Rejected bean name 'simpleController': no URL paths identified
2019-04-24 20:07:21.833 user: DEBUG 2590 --- [main] o.s.w.s.h.BeanNameUrlHandlerMapping      : Rejected bean name 'userController': no URL paths identified
2019-04-24 20:07:21.833 user: DEBUG 2590 --- [main] o.s.w.s.h.BeanNameUrlHandlerMapping      : Rejected bean name 'groupCreateJMSHandler': no URL paths identified
2019-04-24 20:07:21.833 user: DEBUG 2590 --- [main] o.s.w.s.h.BeanNameUrlHandlerMapping      : Rejected bean name 'groupDeleteJMSHandler': no URL paths identified
2019-04-24 20:07:21.833 user: DEBUG 2590 --- [main] o.s.w.s.h.BeanNameUrlHandlerMapping      : Rejected bean name 'groupEditJMSHandler': no URL paths identified
2019-04-24 20:07:21.833 user: DEBUG 2590 --- [main] o.s.w.s.h.BeanNameUrlHandlerMapping      : Rejected bean name 'userCreateJMSHandler': no URL paths identified
2019-04-24 20:07:21.833 user: DEBUG 2590 --- [main] o.s.w.s.h.BeanNameUrlHandlerMapping      : Rejected bean name 'userDeleteJMSHandler': no URL paths identified
2019-04-24 20:07:21.833 user: DEBUG 2590 --- [main] o.s.w.s.h.BeanNameUrlHandlerMapping      : Rejected bean name 'userEditJMSHandler': no URL paths identified
2019-04-24 20:07:21.833 user: DEBUG 2590 --- [main] o.s.w.s.h.BeanNameUrlHandlerMapping      : Rejected bean name 'licenseMapperImpl': no URL paths identified
2019-04-24 20:07:21.833 user: DEBUG 2590 --- [main] o.s.w.s.h.BeanNameUrlHandlerMapping      : Rejected bean name 'modelMapperImpl': no URL paths identified
2019-04-24 20:07:21.834 user: DEBUG 2590 --- [main] o.s.w.s.h.BeanNameUrlHandlerMapping      : Rejected bean name 'parameterMapperImpl': no URL paths identified
2019-04-24 20:07:21.834 user: DEBUG 2590 --- [main] o.s.w.s.h.BeanNameUrlHandlerMapping      : Rejected bean name 'securityMapperImpl': no URL paths identified
2019-04-24 20:07:21.834 user: DEBUG 2590 --- [main] o.s.w.s.h.BeanNameUrlHandlerMapping      : Rejected bean name 'serviceModelToSwagger2MapperImpl': no URL paths identified
2019-04-24 20:07:21.834 user: DEBUG 2590 --- [main] o.s.w.s.h.BeanNameUrlHandlerMapping      : Rejected bean name 'vendorExtensionsMapperImpl': no URL paths identified
2019-04-24 20:07:21.834 user: DEBUG 2590 --- [main] o.s.w.s.h.BeanNameUrlHandlerMapping      : Rejected bean name 'apiDescriptionLookup': no URL paths identified
2019-04-24 20:07:21.834 user: DEBUG 2590 --- [main] o.s.w.s.h.BeanNameUrlHandlerMapping      : Rejected bean name 'apiDescriptionReader': no URL paths identified
2019-04-24 20:07:21.834 user: DEBUG 2590 --- [main] o.s.w.s.h.BeanNameUrlHandlerMapping      : Rejected bean name 'apiDocumentationScanner': no URL paths identified
2019-04-24 20:07:21.834 user: DEBUG 2590 --- [main] o.s.w.s.h.BeanNameUrlHandlerMapping      : Rejected bean name 'apiListingReader': no URL paths identified
2019-04-24 20:07:21.834 user: DEBUG 2590 --- [main] o.s.w.s.h.BeanNameUrlHandlerMapping      : Rejected bean name 'apiListingReferenceScanner': no URL paths identified
2019-04-24 20:07:21.834 user: DEBUG 2590 --- [main] o.s.w.s.h.BeanNameUrlHandlerMapping      : Rejected bean name 'apiListingScanner': no URL paths identified
2019-04-24 20:07:21.834 user: DEBUG 2590 --- [main] o.s.w.s.h.BeanNameUrlHandlerMapping      : Rejected bean name 'apiModelReader': no URL paths identified
2019-04-24 20:07:21.834 user: DEBUG 2590 --- [main] o.s.w.s.h.BeanNameUrlHandlerMapping      : Rejected bean name 'cachingOperationReader': no URL paths identified
2019-04-24 20:07:21.834 user: DEBUG 2590 --- [main] o.s.w.s.h.BeanNameUrlHandlerMapping      : Rejected bean name 'mediaTypeReader': no URL paths identified
2019-04-24 20:07:21.834 user: DEBUG 2590 --- [main] o.s.w.s.h.BeanNameUrlHandlerMapping      : Rejected bean name 'apiOperationReader': no URL paths identified
2019-04-24 20:07:21.835 user: DEBUG 2590 --- [main] o.s.w.s.h.BeanNameUrlHandlerMapping      : Rejected bean name 'cachingOperationNameGenerator': no URL paths identified
2019-04-24 20:07:21.835 user: DEBUG 2590 --- [main] o.s.w.s.h.BeanNameUrlHandlerMapping      : Rejected bean name 'defaultOperationReader': no URL paths identified
2019-04-24 20:07:21.835 user: DEBUG 2590 --- [main] o.s.w.s.h.BeanNameUrlHandlerMapping      : Rejected bean name 'defaultTagsProvider': no URL paths identified
2019-04-24 20:07:21.835 user: DEBUG 2590 --- [main] o.s.w.s.h.BeanNameUrlHandlerMapping      : Rejected bean name 'operationDeprecatedReader': no URL paths identified
2019-04-24 20:07:21.835 user: DEBUG 2590 --- [main] o.s.w.s.h.BeanNameUrlHandlerMapping      : Rejected bean name 'operationModelsProvider': no URL paths identified
2019-04-24 20:07:21.835 user: DEBUG 2590 --- [main] o.s.w.s.h.BeanNameUrlHandlerMapping      : Rejected bean name 'operationParameterHeadersConditionReader': no URL paths identified
2019-04-24 20:07:21.835 user: DEBUG 2590 --- [main] o.s.w.s.h.BeanNameUrlHandlerMapping      : Rejected bean name 'operationParameterReader': no URL paths identified
2019-04-24 20:07:21.835 user: DEBUG 2590 --- [main] o.s.w.s.h.BeanNameUrlHandlerMapping      : Rejected bean name 'operationParameterRequestConditionReader': no URL paths identified
2019-04-24 20:07:21.835 user: DEBUG 2590 --- [main] o.s.w.s.h.BeanNameUrlHandlerMapping      : Rejected bean name 'operationResponseClassReader': no URL paths identified
2019-04-24 20:07:21.835 user: DEBUG 2590 --- [main] o.s.w.s.h.BeanNameUrlHandlerMapping      : Rejected bean name 'operationTagsReader': no URL paths identified
2019-04-24 20:07:21.835 user: DEBUG 2590 --- [main] o.s.w.s.h.BeanNameUrlHandlerMapping      : Rejected bean name 'responseMessagesReader': no URL paths identified
2019-04-24 20:07:21.835 user: DEBUG 2590 --- [main] o.s.w.s.h.BeanNameUrlHandlerMapping      : Rejected bean name 'expandedParameterBuilder': no URL paths identified
2019-04-24 20:07:21.835 user: DEBUG 2590 --- [main] o.s.w.s.h.BeanNameUrlHandlerMapping      : Rejected bean name 'modelAttributeParameterExpander': no URL paths identified
2019-04-24 20:07:21.835 user: DEBUG 2590 --- [main] o.s.w.s.h.BeanNameUrlHandlerMapping      : Rejected bean name 'parameterDataTypeReader': no URL paths identified
2019-04-24 20:07:21.835 user: DEBUG 2590 --- [main] o.s.w.s.h.BeanNameUrlHandlerMapping      : Rejected bean name 'parameterDefaultReader': no URL paths identified
2019-04-24 20:07:21.836 user: DEBUG 2590 --- [main] o.s.w.s.h.BeanNameUrlHandlerMapping      : Rejected bean name 'parameterMultiplesReader': no URL paths identified
2019-04-24 20:07:21.836 user: DEBUG 2590 --- [main] o.s.w.s.h.BeanNameUrlHandlerMapping      : Rejected bean name 'parameterNameReader': no URL paths identified
2019-04-24 20:07:21.836 user: DEBUG 2590 --- [main] o.s.w.s.h.BeanNameUrlHandlerMapping      : Rejected bean name 'parameterRequiredReader': no URL paths identified
2019-04-24 20:07:21.836 user: DEBUG 2590 --- [main] o.s.w.s.h.BeanNameUrlHandlerMapping      : Rejected bean name 'parameterTypeReader': no URL paths identified
2019-04-24 20:07:21.836 user: DEBUG 2590 --- [main] o.s.w.s.h.BeanNameUrlHandlerMapping      : Rejected bean name 'documentationPluginsBootstrapper': no URL paths identified
2019-04-24 20:07:21.836 user: DEBUG 2590 --- [main] o.s.w.s.h.BeanNameUrlHandlerMapping      : Rejected bean name 'documentationPluginsManager': no URL paths identified
2019-04-24 20:07:21.836 user: DEBUG 2590 --- [main] o.s.w.s.h.BeanNameUrlHandlerMapping      : Rejected bean name 'webMvcRequestHandlerProvider': no URL paths identified
2019-04-24 20:07:21.836 user: DEBUG 2590 --- [main] o.s.w.s.h.BeanNameUrlHandlerMapping      : Rejected bean name 'operationPathDecorator': no URL paths identified
2019-04-24 20:07:21.836 user: DEBUG 2590 --- [main] o.s.w.s.h.BeanNameUrlHandlerMapping      : Rejected bean name 'pathMappingDecorator': no URL paths identified
2019-04-24 20:07:21.836 user: DEBUG 2590 --- [main] o.s.w.s.h.BeanNameUrlHandlerMapping      : Rejected bean name 'pathSanitizer': no URL paths identified
2019-04-24 20:07:21.836 user: DEBUG 2590 --- [main] o.s.w.s.h.BeanNameUrlHandlerMapping      : Rejected bean name 'queryStringUriTemplateDecorator': no URL paths identified
2019-04-24 20:07:21.836 user: DEBUG 2590 --- [main] o.s.w.s.h.BeanNameUrlHandlerMapping      : Rejected bean name 'cachingModelDependencyProvider': no URL paths identified
2019-04-24 20:07:21.836 user: DEBUG 2590 --- [main] o.s.w.s.h.BeanNameUrlHandlerMapping      : Rejected bean name 'cachingModelProvider': no URL paths identified
2019-04-24 20:07:21.836 user: DEBUG 2590 --- [main] o.s.w.s.h.BeanNameUrlHandlerMapping      : Rejected bean name 'defaultModelDependencyProvider': no URL paths identified
2019-04-24 20:07:21.836 user: DEBUG 2590 --- [main] o.s.w.s.h.BeanNameUrlHandlerMapping      : Rejected bean name 'defaultModelProvider': no URL paths identified
2019-04-24 20:07:21.836 user: DEBUG 2590 --- [main] o.s.w.s.h.BeanNameUrlHandlerMapping      : Rejected bean name 'jacksonEnumTypeDeterminer': no URL paths identified
2019-04-24 20:07:21.836 user: DEBUG 2590 --- [main] o.s.w.s.h.BeanNameUrlHandlerMapping      : Rejected bean name 'schemaPluginsManager': no URL paths identified
2019-04-24 20:07:21.837 user: DEBUG 2590 --- [main] o.s.w.s.h.BeanNameUrlHandlerMapping      : Rejected bean name 'accessorsProvider': no URL paths identified
2019-04-24 20:07:21.837 user: DEBUG 2590 --- [main] o.s.w.s.h.BeanNameUrlHandlerMapping      : Rejected bean name 'cachingModelPropertiesProvider': no URL paths identified
2019-04-24 20:07:21.837 user: DEBUG 2590 --- [main] o.s.w.s.h.BeanNameUrlHandlerMapping      : Rejected bean name 'factoryMethodProvider': no URL paths identified
2019-04-24 20:07:21.837 user: DEBUG 2590 --- [main] o.s.w.s.h.BeanNameUrlHandlerMapping      : Rejected bean name 'fieldProvider': no URL paths identified
2019-04-24 20:07:21.837 user: DEBUG 2590 --- [main] o.s.w.s.h.BeanNameUrlHandlerMapping      : Rejected bean name 'objectMapperBeanPropertyNamingStrategy': no URL paths identified
2019-04-24 20:07:21.837 user: DEBUG 2590 --- [main] o.s.w.s.h.BeanNameUrlHandlerMapping      : Rejected bean name 'optimized': no URL paths identified
2019-04-24 20:07:21.837 user: DEBUG 2590 --- [main] o.s.w.s.h.BeanNameUrlHandlerMapping      : Rejected bean name 'xmlPropertyPlugin': no URL paths identified
2019-04-24 20:07:21.837 user: DEBUG 2590 --- [main] o.s.w.s.h.BeanNameUrlHandlerMapping      : Rejected bean name 'typeNameExtractor': no URL paths identified
2019-04-24 20:07:21.837 user: DEBUG 2590 --- [main] o.s.w.s.h.BeanNameUrlHandlerMapping      : Rejected bean name 'xmlModelPlugin': no URL paths identified
2019-04-24 20:07:21.837 user: DEBUG 2590 --- [main] o.s.w.s.h.BeanNameUrlHandlerMapping      : Rejected bean name 'apiModelBuilder': no URL paths identified
2019-04-24 20:07:21.837 user: DEBUG 2590 --- [main] o.s.w.s.h.BeanNameUrlHandlerMapping      : Rejected bean name 'apiModelPropertyPropertyBuilder': no URL paths identified
2019-04-24 20:07:21.837 user: DEBUG 2590 --- [main] o.s.w.s.h.BeanNameUrlHandlerMapping      : Rejected bean name 'apiModelTypeNameProvider': no URL paths identified
2019-04-24 20:07:21.837 user: DEBUG 2590 --- [main] o.s.w.s.h.BeanNameUrlHandlerMapping      : Rejected bean name 'operationAuthReader': no URL paths identified
2019-04-24 20:07:21.837 user: DEBUG 2590 --- [main] o.s.w.s.h.BeanNameUrlHandlerMapping      : Rejected bean name 'operationHiddenReader': no URL paths identified
2019-04-24 20:07:21.838 user: DEBUG 2590 --- [main] o.s.w.s.h.BeanNameUrlHandlerMapping      : Rejected bean name 'operationHttpMethodReader': no URL paths identified
2019-04-24 20:07:21.838 user: DEBUG 2590 --- [main] o.s.w.s.h.BeanNameUrlHandlerMapping      : Rejected bean name 'operationImplicitParameterReader': no URL paths identified
2019-04-24 20:07:21.838 user: DEBUG 2590 --- [main] o.s.w.s.h.BeanNameUrlHandlerMapping      : Rejected bean name 'operationImplicitParametersReader': no URL paths identified
2019-04-24 20:07:21.838 user: DEBUG 2590 --- [main] o.s.w.s.h.BeanNameUrlHandlerMapping      : Rejected bean name 'operationNicknameIntoUniqueIdReader': no URL paths identified
2019-04-24 20:07:21.838 user: DEBUG 2590 --- [main] o.s.w.s.h.BeanNameUrlHandlerMapping      : Rejected bean name 'operationNotesReader': no URL paths identified
2019-04-24 20:07:21.838 user: DEBUG 2590 --- [main] o.s.w.s.h.BeanNameUrlHandlerMapping      : Rejected bean name 'operationPositionReader': no URL paths identified
2019-04-24 20:07:21.838 user: DEBUG 2590 --- [main] o.s.w.s.h.BeanNameUrlHandlerMapping      : Rejected bean name 'operationSummaryReader': no URL paths identified
2019-04-24 20:07:21.838 user: DEBUG 2590 --- [main] o.s.w.s.h.BeanNameUrlHandlerMapping      : Rejected bean name 'swaggerMediaTypeReader': no URL paths identified
2019-04-24 20:07:21.838 user: DEBUG 2590 --- [main] o.s.w.s.h.BeanNameUrlHandlerMapping      : Rejected bean name 'swaggerOperationModelsProvider': no URL paths identified
2019-04-24 20:07:21.838 user: DEBUG 2590 --- [main] o.s.w.s.h.BeanNameUrlHandlerMapping      : Rejected bean name 'swaggerOperationResponseClassReader': no URL paths identified
2019-04-24 20:07:21.838 user: DEBUG 2590 --- [main] o.s.w.s.h.BeanNameUrlHandlerMapping      : Rejected bean name 'swaggerOperationTagsReader': no URL paths identified
2019-04-24 20:07:21.838 user: DEBUG 2590 --- [main] o.s.w.s.h.BeanNameUrlHandlerMapping      : Rejected bean name 'swaggerResponseMessageReader': no URL paths identified
2019-04-24 20:07:21.838 user: DEBUG 2590 --- [main] o.s.w.s.h.BeanNameUrlHandlerMapping      : Rejected bean name 'vendorExtensionsReader': no URL paths identified
2019-04-24 20:07:21.838 user: DEBUG 2590 --- [main] o.s.w.s.h.BeanNameUrlHandlerMapping      : Rejected bean name 'swaggerParameterDescriptionReader': no URL paths identified
2019-04-24 20:07:21.839 user: DEBUG 2590 --- [main] o.s.w.s.h.BeanNameUrlHandlerMapping      : Rejected bean name 'swaggerExpandedParameterBuilder': no URL paths identified
2019-04-24 20:07:21.839 user: DEBUG 2590 --- [main] o.s.w.s.h.BeanNameUrlHandlerMapping      : Rejected bean name 'apiResourceController': no URL paths identified
2019-04-24 20:07:21.839 user: DEBUG 2590 --- [main] o.s.w.s.h.BeanNameUrlHandlerMapping      : Rejected bean name 'classOrApiAnnotationResourceGrouping': no URL paths identified
2019-04-24 20:07:21.839 user: DEBUG 2590 --- [main] o.s.w.s.h.BeanNameUrlHandlerMapping      : Rejected bean name 'inMemorySwaggerResourcesProvider': no URL paths identified
2019-04-24 20:07:21.839 user: DEBUG 2590 --- [main] o.s.w.s.h.BeanNameUrlHandlerMapping      : Rejected bean name 'swaggerApiListingReader': no URL paths identified
2019-04-24 20:07:21.839 user: DEBUG 2590 --- [main] o.s.w.s.h.BeanNameUrlHandlerMapping      : Rejected bean name 'api': no URL paths identified
2019-04-24 20:07:21.839 user: DEBUG 2590 --- [main] o.s.w.s.h.BeanNameUrlHandlerMapping      : Rejected bean name 'springfox.documentation.schema.configuration.ModelsConfiguration': no URL paths identified
2019-04-24 20:07:21.839 user: DEBUG 2590 --- [main] o.s.w.s.h.BeanNameUrlHandlerMapping      : Rejected bean name 'typeResolver': no URL paths identified
2019-04-24 20:07:21.839 user: DEBUG 2590 --- [main] o.s.w.s.h.BeanNameUrlHandlerMapping      : Rejected bean name 'modelBuilderPluginRegistry': no URL paths identified
2019-04-24 20:07:21.839 user: DEBUG 2590 --- [main] o.s.w.s.h.BeanNameUrlHandlerMapping      : Rejected bean name 'modelPropertyBuilderPluginRegistry': no URL paths identified
2019-04-24 20:07:21.839 user: DEBUG 2590 --- [main] o.s.w.s.h.BeanNameUrlHandlerMapping      : Rejected bean name 'typeNameProviderPluginRegistry': no URL paths identified
2019-04-24 20:07:21.839 user: DEBUG 2590 --- [main] o.s.w.s.h.BeanNameUrlHandlerMapping      : Rejected bean name 'springfox.documentation.spring.web.SpringfoxWebMvcConfiguration': no URL paths identified
2019-04-24 20:07:21.839 user: DEBUG 2590 --- [main] o.s.w.s.h.BeanNameUrlHandlerMapping      : Rejected bean name 'defaults': no URL paths identified
2019-04-24 20:07:21.839 user: DEBUG 2590 --- [main] o.s.w.s.h.BeanNameUrlHandlerMapping      : Rejected bean name 'resourceGroupCache': no URL paths identified
2019-04-24 20:07:21.839 user: DEBUG 2590 --- [main] o.s.w.s.h.BeanNameUrlHandlerMapping      : Rejected bean name 'objectMapperConfigurer': no URL paths identified
2019-04-24 20:07:21.839 user: DEBUG 2590 --- [main] o.s.w.s.h.BeanNameUrlHandlerMapping      : Rejected bean name 'jsonSerializer': no URL paths identified
2019-04-24 20:07:21.839 user: DEBUG 2590 --- [main] o.s.w.s.h.BeanNameUrlHandlerMapping      : Rejected bean name 'descriptionResolver': no URL paths identified
2019-04-24 20:07:21.840 user: DEBUG 2590 --- [main] o.s.w.s.h.BeanNameUrlHandlerMapping      : Rejected bean name 'methodResolver': no URL paths identified
2019-04-24 20:07:21.840 user: DEBUG 2590 --- [main] o.s.w.s.h.BeanNameUrlHandlerMapping      : Rejected bean name 'documentationPluginRegistry': no URL paths identified
2019-04-24 20:07:21.840 user: DEBUG 2590 --- [main] o.s.w.s.h.BeanNameUrlHandlerMapping      : Rejected bean name 'apiListingBuilderPluginRegistry': no URL paths identified
2019-04-24 20:07:21.840 user: DEBUG 2590 --- [main] o.s.w.s.h.BeanNameUrlHandlerMapping      : Rejected bean name 'operationBuilderPluginRegistry': no URL paths identified
2019-04-24 20:07:21.840 user: DEBUG 2590 --- [main] o.s.w.s.h.BeanNameUrlHandlerMapping      : Rejected bean name 'parameterBuilderPluginRegistry': no URL paths identified
2019-04-24 20:07:21.840 user: DEBUG 2590 --- [main] o.s.w.s.h.BeanNameUrlHandlerMapping      : Rejected bean name 'expandedParameterBuilderPluginRegistry': no URL paths identified
2019-04-24 20:07:21.840 user: DEBUG 2590 --- [main] o.s.w.s.h.BeanNameUrlHandlerMapping      : Rejected bean name 'resourceGroupingStrategyRegistry': no URL paths identified
2019-04-24 20:07:21.840 user: DEBUG 2590 --- [main] o.s.w.s.h.BeanNameUrlHandlerMapping      : Rejected bean name 'operationModelsProviderPluginRegistry': no URL paths identified
2019-04-24 20:07:21.840 user: DEBUG 2590 --- [main] o.s.w.s.h.BeanNameUrlHandlerMapping      : Rejected bean name 'defaultsProviderPluginRegistry': no URL paths identified
2019-04-24 20:07:21.840 user: DEBUG 2590 --- [main] o.s.w.s.h.BeanNameUrlHandlerMapping      : Rejected bean name 'pathDecoratorRegistry': no URL paths identified
2019-04-24 20:07:21.840 user: DEBUG 2590 --- [main] o.s.w.s.h.BeanNameUrlHandlerMapping      : Rejected bean name 'apiListingScannerPluginRegistry': no URL paths identified
2019-04-24 20:07:21.840 user: DEBUG 2590 --- [main] o.s.w.s.h.BeanNameUrlHandlerMapping      : Rejected bean name 'springfox.documentation.swagger.configuration.SwaggerCommonConfiguration': no URL paths identified
2019-04-24 20:07:21.840 user: DEBUG 2590 --- [main] o.s.w.s.h.BeanNameUrlHandlerMapping      : Rejected bean name 'springfox.documentation.swagger2.configuration.Swagger2DocumentationConfiguration': no URL paths identified
2019-04-24 20:07:21.840 user: DEBUG 2590 --- [main] o.s.w.s.h.BeanNameUrlHandlerMapping      : Rejected bean name 'swagger2Module': no URL paths identified
2019-04-24 20:07:21.840 user: DEBUG 2590 --- [main] o.s.w.s.h.BeanNameUrlHandlerMapping      : Rejected bean name 'swagger2ControllerMapping': no URL paths identified
2019-04-24 20:07:21.840 user: DEBUG 2590 --- [main] o.s.w.s.h.BeanNameUrlHandlerMapping      : Rejected bean name 'org.springframework.boot.autoconfigure.AutoConfigurationPackages': no URL paths identified
2019-04-24 20:07:21.840 user: DEBUG 2590 --- [main] o.s.w.s.h.BeanNameUrlHandlerMapping      : Rejected bean name 'org.springframework.boot.autoconfigure.context.PropertyPlaceholderAutoConfiguration': no URL paths identified
2019-04-24 20:07:21.840 user: DEBUG 2590 --- [main] o.s.w.s.h.BeanNameUrlHandlerMapping      : Rejected bean name 'org.springframework.boot.autoconfigure.condition.BeanTypeRegistry': no URL paths identified
2019-04-24 20:07:21.841 user: DEBUG 2590 --- [main] o.s.w.s.h.BeanNameUrlHandlerMapping      : Rejected bean name 'propertySourcesPlaceholderConfigurer': no URL paths identified
2019-04-24 20:07:21.841 user: DEBUG 2590 --- [main] o.s.w.s.h.BeanNameUrlHandlerMapping      : Rejected bean name 'org.springframework.boot.autoconfigure.jackson.JacksonAutoConfiguration$Jackson2ObjectMapperBuilderCustomizerConfiguration': no URL paths identified
2019-04-24 20:07:21.841 user: DEBUG 2590 --- [main] o.s.w.s.h.BeanNameUrlHandlerMapping      : Rejected bean name 'standardJacksonObjectMapperBuilderCustomizer': no URL paths identified
2019-04-24 20:07:21.841 user: DEBUG 2590 --- [main] o.s.w.s.h.BeanNameUrlHandlerMapping      : Rejected bean name 'spring.jackson-org.springframework.boot.autoconfigure.jackson.JacksonProperties': no URL paths identified
2019-04-24 20:07:21.841 user: DEBUG 2590 --- [main] o.s.w.s.h.BeanNameUrlHandlerMapping      : Rejected bean name 'org.springframework.boot.context.properties.ConfigurationPropertiesBindingPostProcessor': no URL paths identified
2019-04-24 20:07:21.841 user: DEBUG 2590 --- [main] o.s.w.s.h.BeanNameUrlHandlerMapping      : Rejected bean name 'org.springframework.boot.context.properties.ConfigurationBeanFactoryMetadata': no URL paths identified
2019-04-24 20:07:21.841 user: DEBUG 2590 --- [main] o.s.w.s.h.BeanNameUrlHandlerMapping      : Rejected bean name 'org.springframework.boot.autoconfigure.jackson.JacksonAutoConfiguration$JacksonObjectMapperBuilderConfiguration': no URL paths identified
2019-04-24 20:07:21.841 user: DEBUG 2590 --- [main] o.s.w.s.h.BeanNameUrlHandlerMapping      : Rejected bean name 'jacksonObjectMapperBuilder': no URL paths identified
2019-04-24 20:07:21.841 user: DEBUG 2590 --- [main] o.s.w.s.h.BeanNameUrlHandlerMapping      : Rejected bean name 'org.springframework.boot.autoconfigure.jackson.JacksonAutoConfiguration$ParameterNamesModuleConfiguration': no URL paths identified
2019-04-24 20:07:21.841 user: DEBUG 2590 --- [main] o.s.w.s.h.BeanNameUrlHandlerMapping      : Rejected bean name 'parameterNamesModule': no URL paths identified
2019-04-24 20:07:21.841 user: DEBUG 2590 --- [main] o.s.w.s.h.BeanNameUrlHandlerMapping      : Rejected bean name 'org.springframework.boot.autoconfigure.jackson.JacksonAutoConfiguration$JacksonObjectMapperConfiguration': no URL paths identified
2019-04-24 20:07:21.841 user: DEBUG 2590 --- [main] o.s.w.s.h.BeanNameUrlHandlerMapping      : Rejected bean name 'jacksonObjectMapper': no URL paths identified
2019-04-24 20:07:21.841 user: DEBUG 2590 --- [main] o.s.w.s.h.BeanNameUrlHandlerMapping      : Rejected bean name 'org.springframework.boot.autoconfigure.jackson.JacksonAutoConfiguration': no URL paths identified
2019-04-24 20:07:21.841 user: DEBUG 2590 --- [main] o.s.w.s.h.BeanNameUrlHandlerMapping      : Rejected bean name 'jsonComponentModule': no URL paths identified
2019-04-24 20:07:21.841 user: DEBUG 2590 --- [main] o.s.w.s.h.BeanNameUrlHandlerMapping      : Rejected bean name 'org.springframework.boot.autoconfigure.websocket.servlet.WebSocketServletAutoConfiguration$TomcatWebSocketConfiguration': no URL paths identified
2019-04-24 20:07:21.841 user: DEBUG 2590 --- [main] o.s.w.s.h.BeanNameUrlHandlerMapping      : Rejected bean name 'websocketContainerCustomizer': no URL paths identified
2019-04-24 20:07:21.841 user: DEBUG 2590 --- [main] o.s.w.s.h.BeanNameUrlHandlerMapping      : Rejected bean name 'org.springframework.boot.autoconfigure.websocket.servlet.WebSocketServletAutoConfiguration': no URL paths identified
2019-04-24 20:07:21.841 user: DEBUG 2590 --- [main] o.s.w.s.h.BeanNameUrlHandlerMapping      : Rejected bean name 'org.springframework.boot.autoconfigure.web.servlet.ServletWebServerFactoryConfiguration$EmbeddedTomcat': no URL paths identified
2019-04-24 20:07:21.841 user: DEBUG 2590 --- [main] o.s.w.s.h.BeanNameUrlHandlerMapping      : Rejected bean name 'tomcatServletWebServerFactory': no URL paths identified
2019-04-24 20:07:21.841 user: DEBUG 2590 --- [main] o.s.w.s.h.BeanNameUrlHandlerMapping      : Rejected bean name 'org.springframework.boot.autoconfigure.web.servlet.ServletWebServerFactoryAutoConfiguration': no URL paths identified
2019-04-24 20:07:21.841 user: DEBUG 2590 --- [main] o.s.w.s.h.BeanNameUrlHandlerMapping      : Rejected bean name 'servletWebServerFactoryCustomizer': no URL paths identified
2019-04-24 20:07:21.841 user: DEBUG 2590 --- [main] o.s.w.s.h.BeanNameUrlHandlerMapping      : Rejected bean name 'tomcatServletWebServerFactoryCustomizer': no URL paths identified
2019-04-24 20:07:21.841 user: DEBUG 2590 --- [main] o.s.w.s.h.BeanNameUrlHandlerMapping      : Rejected bean name 'server-org.springframework.boot.autoconfigure.web.ServerProperties': no URL paths identified
2019-04-24 20:07:21.842 user: DEBUG 2590 --- [main] o.s.w.s.h.BeanNameUrlHandlerMapping      : Rejected bean name 'webServerFactoryCustomizerBeanPostProcessor': no URL paths identified
2019-04-24 20:07:21.842 user: DEBUG 2590 --- [main] o.s.w.s.h.BeanNameUrlHandlerMapping      : Rejected bean name 'errorPageRegistrarBeanPostProcessor': no URL paths identified
2019-04-24 20:07:21.842 user: DEBUG 2590 --- [main] o.s.w.s.h.BeanNameUrlHandlerMapping      : Rejected bean name 'org.springframework.boot.autoconfigure.web.servlet.DispatcherServletAutoConfiguration$DispatcherServletConfiguration': no URL paths identified
2019-04-24 20:07:21.842 user: DEBUG 2590 --- [main] o.s.w.s.h.BeanNameUrlHandlerMapping      : Rejected bean name 'dispatcherServlet': no URL paths identified
2019-04-24 20:07:21.842 user: DEBUG 2590 --- [main] o.s.w.s.h.BeanNameUrlHandlerMapping      : Rejected bean name 'spring.mvc-org.springframework.boot.autoconfigure.web.servlet.WebMvcProperties': no URL paths identified
2019-04-24 20:07:21.842 user: DEBUG 2590 --- [main] o.s.w.s.h.BeanNameUrlHandlerMapping      : Rejected bean name 'org.springframework.boot.autoconfigure.web.servlet.DispatcherServletAutoConfiguration$DispatcherServletRegistrationConfiguration': no URL paths identified
2019-04-24 20:07:21.842 user: DEBUG 2590 --- [main] o.s.w.s.h.BeanNameUrlHandlerMapping      : Rejected bean name 'dispatcherServletRegistration': no URL paths identified
2019-04-24 20:07:21.842 user: DEBUG 2590 --- [main] o.s.w.s.h.BeanNameUrlHandlerMapping      : Rejected bean name 'org.springframework.boot.autoconfigure.web.servlet.DispatcherServletAutoConfiguration': no URL paths identified
2019-04-24 20:07:21.842 user: DEBUG 2590 --- [main] o.s.w.s.h.BeanNameUrlHandlerMapping      : Rejected bean name 'org.springframework.boot.autoconfigure.http.codec.CodecsAutoConfiguration$JacksonCodecConfiguration': no URL paths identified
2019-04-24 20:07:21.842 user: DEBUG 2590 --- [main] o.s.w.s.h.BeanNameUrlHandlerMapping      : Rejected bean name 'jacksonCodecCustomizer': no URL paths identified
2019-04-24 20:07:21.842 user: DEBUG 2590 --- [main] o.s.w.s.h.BeanNameUrlHandlerMapping      : Rejected bean name 'org.springframework.boot.autoconfigure.http.codec.CodecsAutoConfiguration': no URL paths identified
2019-04-24 20:07:21.842 user: DEBUG 2590 --- [main] o.s.w.s.h.BeanNameUrlHandlerMapping      : Rejected bean name 'org.springframework.boot.autoconfigure.validation.ValidationAutoConfiguration': no URL paths identified
2019-04-24 20:07:21.842 user: DEBUG 2590 --- [main] o.s.w.s.h.BeanNameUrlHandlerMapping      : Rejected bean name 'defaultValidator': no URL paths identified
2019-04-24 20:07:21.842 user: DEBUG 2590 --- [main] o.s.w.s.h.BeanNameUrlHandlerMapping      : Rejected bean name 'methodValidationPostProcessor': no URL paths identified
2019-04-24 20:07:21.842 user: DEBUG 2590 --- [main] o.s.w.s.h.BeanNameUrlHandlerMapping      : Rejected bean name 'org.springframework.boot.autoconfigure.jdbc.metadata.DataSourcePoolMetadataProvidersConfiguration': no URL paths identified
2019-04-24 20:07:21.842 user: DEBUG 2590 --- [main] o.s.w.s.h.BeanNameUrlHandlerMapping      : Rejected bean name 'org.springframework.boot.autoconfigure.jdbc.DataSourceInitializerInvoker': no URL paths identified
2019-04-24 20:07:21.842 user: DEBUG 2590 --- [main] o.s.w.s.h.BeanNameUrlHandlerMapping      : Rejected bean name 'org.springframework.boot.autoconfigure.jdbc.DataSourceInitializationConfiguration': no URL paths identified
2019-04-24 20:07:21.842 user: DEBUG 2590 --- [main] o.s.w.s.h.BeanNameUrlHandlerMapping      : Rejected bean name 'dataSourceInitializerPostProcessor': no URL paths identified
2019-04-24 20:07:21.842 user: DEBUG 2590 --- [main] o.s.w.s.h.BeanNameUrlHandlerMapping      : Rejected bean name 'org.springframework.boot.autoconfigure.jdbc.DataSourceAutoConfiguration': no URL paths identified
2019-04-24 20:07:21.842 user: DEBUG 2590 --- [main] o.s.w.s.h.BeanNameUrlHandlerMapping      : Rejected bean name 'spring.datasource-org.springframework.boot.autoconfigure.jdbc.DataSourceProperties': no URL paths identified
2019-04-24 20:07:21.842 user: DEBUG 2590 --- [main] o.s.w.s.h.BeanNameUrlHandlerMapping      : Rejected bean name 'org.springframework.boot.autoconfigure.web.servlet.error.ErrorMvcAutoConfiguration$WhitelabelErrorViewConfiguration': no URL paths identified
2019-04-24 20:07:21.842 user: DEBUG 2590 --- [main] o.s.w.s.h.BeanNameUrlHandlerMapping      : Rejected bean name 'error': no URL paths identified
2019-04-24 20:07:21.842 user: DEBUG 2590 --- [main] o.s.w.s.h.BeanNameUrlHandlerMapping      : Rejected bean name 'beanNameViewResolver': no URL paths identified
2019-04-24 20:07:21.843 user: DEBUG 2590 --- [main] o.s.w.s.h.BeanNameUrlHandlerMapping      : Rejected bean name 'org.springframework.boot.autoconfigure.web.servlet.error.ErrorMvcAutoConfiguration$DefaultErrorViewResolverConfiguration': no URL paths identified
2019-04-24 20:07:21.843 user: DEBUG 2590 --- [main] o.s.w.s.h.BeanNameUrlHandlerMapping      : Rejected bean name 'conventionErrorViewResolver': no URL paths identified
2019-04-24 20:07:21.843 user: DEBUG 2590 --- [main] o.s.w.s.h.BeanNameUrlHandlerMapping      : Rejected bean name 'org.springframework.boot.autoconfigure.web.servlet.error.ErrorMvcAutoConfiguration': no URL paths identified
2019-04-24 20:07:21.843 user: DEBUG 2590 --- [main] o.s.w.s.h.BeanNameUrlHandlerMapping      : Rejected bean name 'errorAttributes': no URL paths identified
2019-04-24 20:07:21.843 user: DEBUG 2590 --- [main] o.s.w.s.h.BeanNameUrlHandlerMapping      : Rejected bean name 'basicErrorController': no URL paths identified
2019-04-24 20:07:21.843 user: DEBUG 2590 --- [main] o.s.w.s.h.BeanNameUrlHandlerMapping      : Rejected bean name 'errorPageCustomizer': no URL paths identified
2019-04-24 20:07:21.843 user: DEBUG 2590 --- [main] o.s.w.s.h.BeanNameUrlHandlerMapping      : Rejected bean name 'preserveErrorControllerTargetClassPostProcessor': no URL paths identified
2019-04-24 20:07:21.843 user: DEBUG 2590 --- [main] o.s.w.s.h.BeanNameUrlHandlerMapping      : Rejected bean name 'spring.resources-org.springframework.boot.autoconfigure.web.ResourceProperties': no URL paths identified
2019-04-24 20:07:21.843 user: DEBUG 2590 --- [main] o.s.w.s.h.BeanNameUrlHandlerMapping      : Rejected bean name 'org.springframework.boot.autoconfigure.web.servlet.WebMvcAutoConfiguration$EnableWebMvcConfiguration': no URL paths identified
2019-04-24 20:07:21.843 user: DEBUG 2590 --- [main] o.s.w.s.h.BeanNameUrlHandlerMapping      : Rejected bean name 'requestMappingHandlerAdapter': no URL paths identified
2019-04-24 20:07:21.843 user: DEBUG 2590 --- [main] o.s.w.s.h.BeanNameUrlHandlerMapping      : Rejected bean name 'requestMappingHandlerMapping': no URL paths identified
2019-04-24 20:07:21.843 user: DEBUG 2590 --- [main] o.s.w.s.h.BeanNameUrlHandlerMapping      : Rejected bean name 'mvcConversionService': no URL paths identified
2019-04-24 20:07:21.843 user: DEBUG 2590 --- [main] o.s.w.s.h.BeanNameUrlHandlerMapping      : Rejected bean name 'mvcValidator': no URL paths identified
2019-04-24 20:07:21.843 user: DEBUG 2590 --- [main] o.s.w.s.h.BeanNameUrlHandlerMapping      : Rejected bean name 'mvcContentNegotiationManager': no URL paths identified
2019-04-24 20:07:21.843 user: DEBUG 2590 --- [main] o.s.w.s.h.BeanNameUrlHandlerMapping      : Rejected bean name 'mvcPathMatcher': no URL paths identified
2019-04-24 20:07:21.843 user: DEBUG 2590 --- [main] o.s.w.s.h.BeanNameUrlHandlerMapping      : Rejected bean name 'mvcUrlPathHelper': no URL paths identified
2019-04-24 20:07:21.843 user: DEBUG 2590 --- [main] o.s.w.s.h.BeanNameUrlHandlerMapping      : Rejected bean name 'viewControllerHandlerMapping': no URL paths identified
2019-04-24 20:07:21.843 user: DEBUG 2590 --- [main] o.s.w.s.h.BeanNameUrlHandlerMapping      : Rejected bean name 'beanNameHandlerMapping': no URL paths identified
2019-04-24 20:07:21.843 user: DEBUG 2590 --- [main] o.s.w.s.h.BeanNameUrlHandlerMapping      : Rejected bean name 'resourceHandlerMapping': no URL paths identified
2019-04-24 20:07:21.843 user: DEBUG 2590 --- [main] o.s.w.s.h.BeanNameUrlHandlerMapping      : Rejected bean name 'mvcResourceUrlProvider': no URL paths identified
2019-04-24 20:07:21.843 user: DEBUG 2590 --- [main] o.s.w.s.h.BeanNameUrlHandlerMapping      : Rejected bean name 'defaultServletHandlerMapping': no URL paths identified
2019-04-24 20:07:21.843 user: DEBUG 2590 --- [main] o.s.w.s.h.BeanNameUrlHandlerMapping      : Rejected bean name 'mvcUriComponentsContributor': no URL paths identified
2019-04-24 20:07:21.843 user: DEBUG 2590 --- [main] o.s.w.s.h.BeanNameUrlHandlerMapping      : Rejected bean name 'httpRequestHandlerAdapter': no URL paths identified
2019-04-24 20:07:21.843 user: DEBUG 2590 --- [main] o.s.w.s.h.BeanNameUrlHandlerMapping      : Rejected bean name 'simpleControllerHandlerAdapter': no URL paths identified
2019-04-24 20:07:21.843 user: DEBUG 2590 --- [main] o.s.w.s.h.BeanNameUrlHandlerMapping      : Rejected bean name 'handlerExceptionResolver': no URL paths identified
2019-04-24 20:07:21.843 user: DEBUG 2590 --- [main] o.s.w.s.h.BeanNameUrlHandlerMapping      : Rejected bean name 'mvcViewResolver': no URL paths identified
2019-04-24 20:07:21.844 user: DEBUG 2590 --- [main] o.s.w.s.h.BeanNameUrlHandlerMapping      : Rejected bean name 'mvcHandlerMappingIntrospector': no URL paths identified
2019-04-24 20:07:21.844 user: DEBUG 2590 --- [main] o.s.w.s.h.BeanNameUrlHandlerMapping      : Rejected bean name 'org.springframework.boot.autoconfigure.web.servlet.WebMvcAutoConfiguration$WebMvcAutoConfigurationAdapter$FaviconConfiguration': no URL paths identified
2019-04-24 20:07:21.844 user: DEBUG 2590 --- [main] o.s.w.s.h.BeanNameUrlHandlerMapping      : Rejected bean name 'faviconHandlerMapping': no URL paths identified
2019-04-24 20:07:21.844 user: DEBUG 2590 --- [main] o.s.w.s.h.BeanNameUrlHandlerMapping      : Rejected bean name 'faviconRequestHandler': no URL paths identified
2019-04-24 20:07:21.844 user: DEBUG 2590 --- [main] o.s.w.s.h.BeanNameUrlHandlerMapping      : Rejected bean name 'org.springframework.boot.autoconfigure.web.servlet.WebMvcAutoConfiguration$WebMvcAutoConfigurationAdapter': no URL paths identified
2019-04-24 20:07:21.844 user: DEBUG 2590 --- [main] o.s.w.s.h.BeanNameUrlHandlerMapping      : Rejected bean name 'defaultViewResolver': no URL paths identified
2019-04-24 20:07:21.844 user: DEBUG 2590 --- [main] o.s.w.s.h.BeanNameUrlHandlerMapping      : Rejected bean name 'viewResolver': no URL paths identified
2019-04-24 20:07:21.844 user: DEBUG 2590 --- [main] o.s.w.s.h.BeanNameUrlHandlerMapping      : Rejected bean name 'welcomePageHandlerMapping': no URL paths identified
2019-04-24 20:07:21.844 user: DEBUG 2590 --- [main] o.s.w.s.h.BeanNameUrlHandlerMapping      : Rejected bean name 'requestContextFilter': no URL paths identified
2019-04-24 20:07:21.844 user: DEBUG 2590 --- [main] o.s.w.s.h.BeanNameUrlHandlerMapping      : Rejected bean name 'org.springframework.boot.autoconfigure.web.servlet.WebMvcAutoConfiguration': no URL paths identified
2019-04-24 20:07:21.844 user: DEBUG 2590 --- [main] o.s.w.s.h.BeanNameUrlHandlerMapping      : Rejected bean name 'hiddenHttpMethodFilter': no URL paths identified
2019-04-24 20:07:21.844 user: DEBUG 2590 --- [main] o.s.w.s.h.BeanNameUrlHandlerMapping      : Rejected bean name 'httpPutFormContentFilter': no URL paths identified
2019-04-24 20:07:21.844 user: DEBUG 2590 --- [main] o.s.w.s.h.BeanNameUrlHandlerMapping      : Rejected bean name 'org.springframework.boot.autoconfigure.jmx.JmxAutoConfiguration': no URL paths identified
2019-04-24 20:07:21.844 user: DEBUG 2590 --- [main] o.s.w.s.h.BeanNameUrlHandlerMapping      : Rejected bean name 'mbeanExporter': no URL paths identified
2019-04-24 20:07:21.844 user: DEBUG 2590 --- [main] o.s.w.s.h.BeanNameUrlHandlerMapping      : Rejected bean name 'objectNamingStrategy': no URL paths identified
2019-04-24 20:07:21.844 user: DEBUG 2590 --- [main] o.s.w.s.h.BeanNameUrlHandlerMapping      : Rejected bean name 'mbeanServer': no URL paths identified
2019-04-24 20:07:21.844 user: DEBUG 2590 --- [main] o.s.w.s.h.BeanNameUrlHandlerMapping      : Rejected bean name 'org.springframework.boot.autoconfigure.admin.SpringApplicationAdminJmxAutoConfiguration': no URL paths identified
2019-04-24 20:07:21.844 user: DEBUG 2590 --- [main] o.s.w.s.h.BeanNameUrlHandlerMapping      : Rejected bean name 'springApplicationAdminRegistrar': no URL paths identified
2019-04-24 20:07:21.844 user: DEBUG 2590 --- [main] o.s.w.s.h.BeanNameUrlHandlerMapping      : Rejected bean name 'org.springframework.boot.autoconfigure.context.ConfigurationPropertiesAutoConfiguration': no URL paths identified
2019-04-24 20:07:21.844 user: DEBUG 2590 --- [main] o.s.w.s.h.BeanNameUrlHandlerMapping      : Rejected bean name 'org.springframework.boot.autoconfigure.dao.PersistenceExceptionTranslationAutoConfiguration': no URL paths identified
2019-04-24 20:07:21.844 user: DEBUG 2590 --- [main] o.s.w.s.h.BeanNameUrlHandlerMapping      : Rejected bean name 'persistenceExceptionTranslationPostProcessor': no URL paths identified
2019-04-24 20:07:21.844 user: DEBUG 2590 --- [main] o.s.w.s.h.BeanNameUrlHandlerMapping      : Rejected bean name 'org.springframework.boot.autoconfigure.http.HttpMessageConvertersAutoConfiguration$StringHttpMessageConverterConfiguration': no URL paths identified
2019-04-24 20:07:21.844 user: DEBUG 2590 --- [main] o.s.w.s.h.BeanNameUrlHandlerMapping      : Rejected bean name 'stringHttpMessageConverter': no URL paths identified
2019-04-24 20:07:21.844 user: DEBUG 2590 --- [main] o.s.w.s.h.BeanNameUrlHandlerMapping      : Rejected bean name 'spring.http.encoding-org.springframework.boot.autoconfigure.http.HttpEncodingProperties': no URL paths identified
2019-04-24 20:07:21.844 user: DEBUG 2590 --- [main] o.s.w.s.h.BeanNameUrlHandlerMapping      : Rejected bean name 'org.springframework.boot.autoconfigure.http.JacksonHttpMessageConvertersConfiguration$MappingJackson2HttpMessageConverterConfiguration': no URL paths identified
2019-04-24 20:07:21.845 user: DEBUG 2590 --- [main] o.s.w.s.h.BeanNameUrlHandlerMapping      : Rejected bean name 'mappingJackson2HttpMessageConverter': no URL paths identified
2019-04-24 20:07:21.845 user: DEBUG 2590 --- [main] o.s.w.s.h.BeanNameUrlHandlerMapping      : Rejected bean name 'org.springframework.boot.autoconfigure.http.JacksonHttpMessageConvertersConfiguration': no URL paths identified
2019-04-24 20:07:21.845 user: DEBUG 2590 --- [main] o.s.w.s.h.BeanNameUrlHandlerMapping      : Rejected bean name 'org.springframework.boot.autoconfigure.http.HttpMessageConvertersAutoConfiguration': no URL paths identified
2019-04-24 20:07:21.845 user: DEBUG 2590 --- [main] o.s.w.s.h.BeanNameUrlHandlerMapping      : Rejected bean name 'messageConverters': no URL paths identified
2019-04-24 20:07:21.845 user: DEBUG 2590 --- [main] o.s.w.s.h.BeanNameUrlHandlerMapping      : Rejected bean name 'org.springframework.boot.autoconfigure.info.ProjectInfoAutoConfiguration': no URL paths identified
2019-04-24 20:07:21.845 user: DEBUG 2590 --- [main] o.s.w.s.h.BeanNameUrlHandlerMapping      : Rejected bean name 'spring.info-org.springframework.boot.autoconfigure.info.ProjectInfoProperties': no URL paths identified
2019-04-24 20:07:21.845 user: DEBUG 2590 --- [main] o.s.w.s.h.BeanNameUrlHandlerMapping      : Rejected bean name 'org.springframework.boot.autoconfigure.jdbc.DataSourceTransactionManagerAutoConfiguration': no URL paths identified
2019-04-24 20:07:21.845 user: DEBUG 2590 --- [main] o.s.w.s.h.BeanNameUrlHandlerMapping      : Rejected bean name 'org.springframework.boot.autoconfigure.transaction.TransactionAutoConfiguration': no URL paths identified
2019-04-24 20:07:21.845 user: DEBUG 2590 --- [main] o.s.w.s.h.BeanNameUrlHandlerMapping      : Rejected bean name 'platformTransactionManagerCustomizers': no URL paths identified
2019-04-24 20:07:21.845 user: DEBUG 2590 --- [main] o.s.w.s.h.BeanNameUrlHandlerMapping      : Rejected bean name 'spring.transaction-org.springframework.boot.autoconfigure.transaction.TransactionProperties': no URL paths identified
2019-04-24 20:07:21.845 user: DEBUG 2590 --- [main] o.s.w.s.h.BeanNameUrlHandlerMapping      : Rejected bean name 'org.springframework.boot.autoconfigure.security.reactive.ReactiveSecurityAutoConfiguration': no URL paths identified
2019-04-24 20:07:21.845 user: DEBUG 2590 --- [main] o.s.w.s.h.BeanNameUrlHandlerMapping      : Rejected bean name 'spring.security-org.springframework.boot.autoconfigure.security.SecurityProperties': no URL paths identified
2019-04-24 20:07:21.845 user: DEBUG 2590 --- [main] o.s.w.s.h.BeanNameUrlHandlerMapping      : Rejected bean name 'org.springframework.boot.autoconfigure.web.client.RestTemplateAutoConfiguration': no URL paths identified
2019-04-24 20:07:21.845 user: DEBUG 2590 --- [main] o.s.w.s.h.BeanNameUrlHandlerMapping      : Rejected bean name 'restTemplateBuilder': no URL paths identified
2019-04-24 20:07:21.845 user: DEBUG 2590 --- [main] o.s.w.s.h.BeanNameUrlHandlerMapping      : Rejected bean name 'org.springframework.boot.autoconfigure.web.embedded.EmbeddedWebServerFactoryCustomizerAutoConfiguration$TomcatWebServerFactoryCustomizerConfiguration': no URL paths identified
2019-04-24 20:07:21.846 user: DEBUG 2590 --- [main] o.s.w.s.h.BeanNameUrlHandlerMapping      : Rejected bean name 'tomcatWebServerFactoryCustomizer': no URL paths identified
2019-04-24 20:07:21.846 user: DEBUG 2590 --- [main] o.s.w.s.h.BeanNameUrlHandlerMapping      : Rejected bean name 'org.springframework.boot.autoconfigure.web.embedded.EmbeddedWebServerFactoryCustomizerAutoConfiguration': no URL paths identified
2019-04-24 20:07:21.846 user: DEBUG 2590 --- [main] o.s.w.s.h.BeanNameUrlHandlerMapping      : Rejected bean name 'org.springframework.boot.autoconfigure.web.servlet.HttpEncodingAutoConfiguration': no URL paths identified
2019-04-24 20:07:21.846 user: DEBUG 2590 --- [main] o.s.w.s.h.BeanNameUrlHandlerMapping      : Rejected bean name 'characterEncodingFilter': no URL paths identified
2019-04-24 20:07:21.846 user: DEBUG 2590 --- [main] o.s.w.s.h.BeanNameUrlHandlerMapping      : Rejected bean name 'localeCharsetMappingsCustomizer': no URL paths identified
2019-04-24 20:07:21.846 user: DEBUG 2590 --- [main] o.s.w.s.h.BeanNameUrlHandlerMapping      : Rejected bean name 'org.springframework.boot.autoconfigure.web.servlet.MultipartAutoConfiguration': no URL paths identified
2019-04-24 20:07:21.846 user: DEBUG 2590 --- [main] o.s.w.s.h.BeanNameUrlHandlerMapping      : Rejected bean name 'multipartConfigElement': no URL paths identified
2019-04-24 20:07:21.846 user: DEBUG 2590 --- [main] o.s.w.s.h.BeanNameUrlHandlerMapping      : Rejected bean name 'multipartResolver': no URL paths identified
2019-04-24 20:07:21.846 user: DEBUG 2590 --- [main] o.s.w.s.h.BeanNameUrlHandlerMapping      : Rejected bean name 'spring.servlet.multipart-org.springframework.boot.autoconfigure.web.servlet.MultipartProperties': no URL paths identified
2019-04-24 20:07:21.846 user: DEBUG 2590 --- [main] o.s.w.s.h.BeanNameUrlHandlerMapping      : Rejected bean name 'autoConfigurationReport': no URL paths identified
2019-04-24 20:07:21.846 user: DEBUG 2590 --- [main] o.s.w.s.h.BeanNameUrlHandlerMapping      : Rejected bean name 'org.springframework.boot.context.ContextIdApplicationContextInitializer$ContextId': no URL paths identified
2019-04-24 20:07:21.846 user: DEBUG 2590 --- [main] o.s.w.s.h.BeanNameUrlHandlerMapping      : Rejected bean name 'springApplicationArguments': no URL paths identified
2019-04-24 20:07:21.846 user: DEBUG 2590 --- [main] o.s.w.s.h.BeanNameUrlHandlerMapping      : Rejected bean name 'springBootBanner': no URL paths identified
2019-04-24 20:07:21.846 user: DEBUG 2590 --- [main] o.s.w.s.h.BeanNameUrlHandlerMapping      : Rejected bean name 'springBootLoggingSystem': no URL paths identified
2019-04-24 20:07:21.846 user: DEBUG 2590 --- [main] o.s.w.s.h.BeanNameUrlHandlerMapping      : Rejected bean name 'environment': no URL paths identified
2019-04-24 20:07:21.846 user: DEBUG 2590 --- [main] o.s.w.s.h.BeanNameUrlHandlerMapping      : Rejected bean name 'systemProperties': no URL paths identified
2019-04-24 20:07:21.846 user: DEBUG 2590 --- [main] o.s.w.s.h.BeanNameUrlHandlerMapping      : Rejected bean name 'systemEnvironment': no URL paths identified
2019-04-24 20:07:21.846 user: DEBUG 2590 --- [main] o.s.w.s.h.BeanNameUrlHandlerMapping      : Rejected bean name 'org.springframework.context.annotation.ConfigurationClassPostProcessor.importRegistry': no URL paths identified
2019-04-24 20:07:21.846 user: DEBUG 2590 --- [main] o.s.w.s.h.BeanNameUrlHandlerMapping      : Rejected bean name 'messageSource': no URL paths identified
2019-04-24 20:07:21.846 user: DEBUG 2590 --- [main] o.s.w.s.h.BeanNameUrlHandlerMapping      : Rejected bean name 'applicationEventMulticaster': no URL paths identified
2019-04-24 20:07:21.846 user: DEBUG 2590 --- [main] o.s.w.s.h.BeanNameUrlHandlerMapping      : Rejected bean name 'servletContext': no URL paths identified
2019-04-24 20:07:21.846 user: DEBUG 2590 --- [main] o.s.w.s.h.BeanNameUrlHandlerMapping      : Rejected bean name 'contextParameters': no URL paths identified
2019-04-24 20:07:21.847 user: DEBUG 2590 --- [main] o.s.w.s.h.BeanNameUrlHandlerMapping      : Rejected bean name 'contextAttributes': no URL paths identified
2019-04-24 20:07:21.858 user:  INFO 2590 --- [main] o.s.w.s.handler.SimpleUrlHandlerMapping  : Mapped URL path [/webjars/**] onto handler of type [class org.springframework.web.servlet.resource.ResourceHttpRequestHandler]
2019-04-24 20:07:21.859 user:  INFO 2590 --- [main] o.s.w.s.handler.SimpleUrlHandlerMapping  : Mapped URL path [/**] onto handler of type [class org.springframework.web.servlet.resource.ResourceHttpRequestHandler]
2019-04-24 20:07:21.866 user: DEBUG 2590 --- [main] .m.m.a.ExceptionHandlerExceptionResolver : Looking for exception mappings: org.springframework.boot.web.servlet.context.AnnotationConfigServletWebServerApplicationContext@4313f5bc: startup date [Wed Apr 24 20:07:19 CST 2019]; root of context hierarchy
2019-04-24 20:07:21.883 user:  INFO 2590 --- [main] o.s.w.s.handler.SimpleUrlHandlerMapping  : Mapped URL path [/**/favicon.ico] onto handler of type [class org.springframework.web.servlet.resource.ResourceHttpRequestHandler]
2019-04-24 20:07:22.180 user: DEBUG 2590 --- [main] o.s.w.s.resource.ResourceUrlProvider     : Looking for resource handler mappings
2019-04-24 20:07:22.181 user: DEBUG 2590 --- [main] o.s.w.s.resource.ResourceUrlProvider     : Found resource handler mapping: URL pattern="/**/favicon.ico", locations=[class path resource [META-INF/resources/], class path resource [resources/], class path resource [static/], class path resource [public/], ServletContext resource [/], class path resource []], resolvers=[org.springframework.web.servlet.resource.PathResourceResolver@64fe9da7]
2019-04-24 20:07:22.181 user: DEBUG 2590 --- [main] o.s.w.s.resource.ResourceUrlProvider     : Found resource handler mapping: URL pattern="/webjars/**", locations=[class path resource [META-INF/resources/webjars/]], resolvers=[org.springframework.web.servlet.resource.PathResourceResolver@70cccd8f]
2019-04-24 20:07:22.181 user: DEBUG 2590 --- [main] o.s.w.s.resource.ResourceUrlProvider     : Found resource handler mapping: URL pattern="/**", locations=[class path resource [META-INF/resources/], class path resource [resources/], class path resource [static/], class path resource [public/], ServletContext resource [/]], resolvers=[org.springframework.web.servlet.resource.PathResourceResolver@5f172d4a]
2019-04-24 20:07:22.335 user: DEBUG 2590 --- [main] o.s.w.c.s.StandardServletEnvironment     : Adding PropertySource 'server.ports' with highest search precedence
